<?xml version="1.0" encoding="UTF-8"?>
<testsuite name="ru.stqa.pft.adressbook.tests.GroupModificationTests" tests="1" skipped="0" failures="0" errors="0" timestamp="2018-10-24T07:47:16" hostname="acer" time="13.02">
  <properties/>
  <testcase name="testGroupModification" classname="ru.stqa.pft.adressbook.tests.GroupModificationTests" time="13.02"/>
  <system-out><![CDATA[]]></system-out>
  <system-err><![CDATA[]]></system-err>
</testsuite>
