<?xml version="1.0" encoding="UTF-8"?>
<testsuite name="ru.stqa.pft.adressbook.tests.GroupDeletionTests" tests="1" skipped="0" failures="0" errors="0" timestamp="2018-10-24T07:47:29" hostname="acer" time="9.443">
  <properties/>
  <testcase name="testGroupDeletion" classname="ru.stqa.pft.adressbook.tests.GroupDeletionTests" time="9.443"/>
  <system-out><![CDATA[]]></system-out>
  <system-err><![CDATA[]]></system-err>
</testsuite>
