<?xml version="1.0" encoding="UTF-8"?>
<testsuite name="ru.stqa.pft.adressbook.tests.GroupDeletionTests" tests="1" skipped="0" failures="0" errors="0" timestamp="2018-10-23T07:05:24" hostname="acer" time="8.685">
  <properties/>
  <testcase name="testGroupDeletion" classname="ru.stqa.pft.adressbook.tests.GroupDeletionTests" time="8.685"/>
  <system-out><![CDATA[]]></system-out>
  <system-err><![CDATA[]]></system-err>
</testsuite>
