<?xml version="1.0" encoding="UTF-8"?>
<testsuite name="ru.stqa.pft.adressbook.tests.ContactCreationTest" tests="4" skipped="0" failures="0" errors="0" timestamp="2018-10-23T07:05:32" hostname="acer" time="59.349">
  <properties/>
  <testcase name="testCreationContact[0](ContactData{firstname='TestName 0', lastname='TestLastName 0', id='2147483647'})" classname="ru.stqa.pft.adressbook.tests.ContactCreationTest" time="26.387"/>
  <testcase name="testCreationContact[1](ContactData{firstname='TestName 1', lastname='TestLastName 1', id='2147483647'})" classname="ru.stqa.pft.adressbook.tests.ContactCreationTest" time="16.177"/>
  <testcase name="testCreationContact[2](ContactData{firstname='TestName 2', lastname='TestLastName 2', id='2147483647'})" classname="ru.stqa.pft.adressbook.tests.ContactCreationTest" time="16.782"/>
  <testcase name="testCurrentDir" classname="ru.stqa.pft.adressbook.tests.ContactCreationTest" time="0.002"/>
  <system-out><![CDATA[C:\Users\admin\IdeaProjects\java_pft\addressbook-web-tests\.
C:\Users\admin\IdeaProjects\java_pft\addressbook-web-tests\src\test\resources\smile.jpg
true
]]></system-out>
  <system-err><![CDATA[]]></system-err>
</testsuite>
